{"/workspaces/e2e-poc/src/server.js":{"path":"/workspaces/e2e-poc/src/server.js","statementMap":{"0":{"start":{"line":2,"column":16},"end":{"line":2,"column":34}},"1":{"start":{"line":3,"column":12},"end":{"line":3,"column":21}},"2":{"start":{"line":4,"column":13},"end":{"line":4,"column":17}},"3":{"start":{"line":6,"column":0},"end":{"line":8,"column":3}},"4":{"start":{"line":7,"column":2},"end":{"line":7,"column":36}},"5":{"start":{"line":10,"column":0},"end":{"line":12,"column":3}},"6":{"start":{"line":11,"column":2},"end":{"line":11,"column":63}}},"fnMap":{"0":{"name":"(anonymous_0)","decl":{"start":{"line":6,"column":13},"end":{"line":6,"column":14}},"loc":{"start":{"line":6,"column":27},"end":{"line":8,"column":1}},"line":6},"1":{"name":"(anonymous_1)","decl":{"start":{"line":10,"column":17},"end":{"line":10,"column":18}},"loc":{"start":{"line":10,"column":23},"end":{"line":12,"column":1}},"line":10}},"branchMap":{},"s":{"0":0,"1":0,"2":0,"3":0,"4":0,"5":0,"6":0},"f":{"0":0,"1":0},"b":{},"all":true}}